#2.0#2023 07 27 23:33:53.045#Z#DEBUG#com.sap.cloud.lm.sl.xs2.e31e8b4e-2cd5-11ee-a7b3-eeee0a83b122.saludseguridad-approuter.stageAppTask#
######org.cloudfoundry.multiapps.controller.persistence.services.ProcessLogger########flowable-async-job-executor-thread-523###
[PollStageAppStatusExecution] [saludseguridad-approuter] 1652bec7-b822-4d86-b5f7-b2041a8c0212 [2023-07-27T23:16:32.293207] Uploading app package for app with guid 1652bec7-b822-4d86-b5f7-b2041a8c0212 (STDOUT, API)#

#2.0#2023 07 27 23:33:53.045#Z#DEBUG#com.sap.cloud.lm.sl.xs2.e31e8b4e-2cd5-11ee-a7b3-eeee0a83b122.saludseguridad-approuter.stageAppTask#
######org.cloudfoundry.multiapps.controller.persistence.services.ProcessLogger########flowable-async-job-executor-thread-523###
[PollStageAppStatusExecution] [saludseguridad-approuter] 1652bec7-b822-4d86-b5f7-b2041a8c0212 [2023-07-27T23:16:32.434036] Updated app with guid 1652bec7-b822-4d86-b5f7-b2041a8c0212 ({"environment_variables"=>"[PRIVATE DATA HIDDEN]"}) (STDOUT, API)#

#2.0#2023 07 27 23:33:53.045#Z#DEBUG#com.sap.cloud.lm.sl.xs2.e31e8b4e-2cd5-11ee-a7b3-eeee0a83b122.saludseguridad-approuter.stageAppTask#
######org.cloudfoundry.multiapps.controller.persistence.services.ProcessLogger########flowable-async-job-executor-thread-523###
[PollStageAppStatusExecution] [saludseguridad-approuter] 1652bec7-b822-4d86-b5f7-b2041a8c0212 [2023-07-27T23:16:40.727647] Stopping app with guid 1652bec7-b822-4d86-b5f7-b2041a8c0212 (STDOUT, API)#

#2.0#2023 07 27 23:33:53.045#Z#DEBUG#com.sap.cloud.lm.sl.xs2.e31e8b4e-2cd5-11ee-a7b3-eeee0a83b122.saludseguridad-approuter.stageAppTask#
######org.cloudfoundry.multiapps.controller.persistence.services.ProcessLogger########flowable-async-job-executor-thread-523###
[PollStageAppStatusExecution] [saludseguridad-approuter] 1652bec7-b822-4d86-b5f7-b2041a8c0212 [2023-07-27T23:16:40.756577] Cell c839c7b1-088e-41af-b9b7-66256aacd457 stopping instance 6d26d784-1a01-4086-4c60-cd11 (STDOUT, CELL)#

#2.0#2023 07 27 23:33:53.045#Z#DEBUG#com.sap.cloud.lm.sl.xs2.e31e8b4e-2cd5-11ee-a7b3-eeee0a83b122.saludseguridad-approuter.stageAppTask#
######org.cloudfoundry.multiapps.controller.persistence.services.ProcessLogger########flowable-async-job-executor-thread-523###
[PollStageAppStatusExecution] [saludseguridad-approuter] 1652bec7-b822-4d86-b5f7-b2041a8c0212 [2023-07-27T23:16:40.931567] Creating build for app with guid 1652bec7-b822-4d86-b5f7-b2041a8c0212 (STDOUT, API)#

#2.0#2023 07 27 23:33:53.045#Z#DEBUG#com.sap.cloud.lm.sl.xs2.e31e8b4e-2cd5-11ee-a7b3-eeee0a83b122.saludseguridad-approuter.stageAppTask#
######org.cloudfoundry.multiapps.controller.persistence.services.ProcessLogger########flowable-async-job-executor-thread-523###
[PollStageAppStatusExecution] [saludseguridad-approuter] 1652bec7-b822-4d86-b5f7-b2041a8c0212 [2023-07-27T23:17:46.994308] Cell c839c7b1-088e-41af-b9b7-66256aacd457 destroying container for instance 6d26d784-1a01-4086-4c60-cd11 (STDOUT, CELL)#

#2.0#2023 07 27 23:33:53.045#Z#DEBUG#com.sap.cloud.lm.sl.xs2.e31e8b4e-2cd5-11ee-a7b3-eeee0a83b122.saludseguridad-approuter.stageAppTask#
######org.cloudfoundry.multiapps.controller.persistence.services.ProcessLogger########flowable-async-job-executor-thread-523###
[PollStageAppStatusExecution] [saludseguridad-approuter] 1652bec7-b822-4d86-b5f7-b2041a8c0212 [2023-07-27T23:17:47.162007] Exit status 137 (STDOUT, PROXY)#

#2.0#2023 07 27 23:33:53.045#Z#DEBUG#com.sap.cloud.lm.sl.xs2.e31e8b4e-2cd5-11ee-a7b3-eeee0a83b122.saludseguridad-approuter.stageAppTask#
######org.cloudfoundry.multiapps.controller.persistence.services.ProcessLogger########flowable-async-job-executor-thread-523###
[PollStageAppStatusExecution] [saludseguridad-approuter] 1652bec7-b822-4d86-b5f7-b2041a8c0212 [2023-07-27T23:17:48.445017] Cell c839c7b1-088e-41af-b9b7-66256aacd457 successfully destroyed container for instance 6d26d784-1a01-4086-4c60-cd11 (STDOUT, CELL)#

#2.0#2023 07 27 23:33:53.045#Z#DEBUG#com.sap.cloud.lm.sl.xs2.e31e8b4e-2cd5-11ee-a7b3-eeee0a83b122.saludseguridad-approuter.stageAppTask#
######org.cloudfoundry.multiapps.controller.persistence.services.ProcessLogger########flowable-async-job-executor-thread-523###
[PollStageAppStatusExecution] [saludseguridad-approuter] 1652bec7-b822-4d86-b5f7-b2041a8c0212 [2023-07-27T23:18:26.453873] Failed to stage build: insufficient resources: memory (STDERR, API)#

#2.0#2023 07 27 23:33:53.045#Z#DEBUG#com.sap.cloud.lm.sl.xs2.e31e8b4e-2cd5-11ee-a7b3-eeee0a83b122.saludseguridad-approuter.stageAppTask#
######org.cloudfoundry.multiapps.controller.persistence.services.ProcessLogger########flowable-async-job-executor-thread-523###
[PollStageAppStatusExecution] [saludseguridad-approuter] 1652bec7-b822-4d86-b5f7-b2041a8c0212 [2023-07-27T23:18:31.948700] Creating build for app with guid 1652bec7-b822-4d86-b5f7-b2041a8c0212 (STDOUT, API)#

#2.0#2023 07 27 23:33:53.045#Z#DEBUG#com.sap.cloud.lm.sl.xs2.e31e8b4e-2cd5-11ee-a7b3-eeee0a83b122.saludseguridad-approuter.stageAppTask#
######org.cloudfoundry.multiapps.controller.persistence.services.ProcessLogger########flowable-async-job-executor-thread-523###
[PollStageAppStatusExecution] [saludseguridad-approuter] 1652bec7-b822-4d86-b5f7-b2041a8c0212 [2023-07-27T23:19:48.665271] Downloading sap_java_buildpack_1_72... (STDOUT, STG)#

#2.0#2023 07 27 23:33:53.045#Z#DEBUG#com.sap.cloud.lm.sl.xs2.e31e8b4e-2cd5-11ee-a7b3-eeee0a83b122.saludseguridad-approuter.stageAppTask#
######org.cloudfoundry.multiapps.controller.persistence.services.ProcessLogger########flowable-async-job-executor-thread-523###
[PollStageAppStatusExecution] [saludseguridad-approuter] 1652bec7-b822-4d86-b5f7-b2041a8c0212 [2023-07-27T23:19:48.665281] Downloading staticfile_buildpack... (STDOUT, STG)#

#2.0#2023 07 27 23:33:53.045#Z#DEBUG#com.sap.cloud.lm.sl.xs2.e31e8b4e-2cd5-11ee-a7b3-eeee0a83b122.saludseguridad-approuter.stageAppTask#
######org.cloudfoundry.multiapps.controller.persistence.services.ProcessLogger########flowable-async-job-executor-thread-523###
[PollStageAppStatusExecution] [saludseguridad-approuter] 1652bec7-b822-4d86-b5f7-b2041a8c0212 [2023-07-27T23:19:48.665287] Downloading php_buildpack... (STDOUT, STG)#

#2.0#2023 07 27 23:33:53.045#Z#DEBUG#com.sap.cloud.lm.sl.xs2.e31e8b4e-2cd5-11ee-a7b3-eeee0a83b122.saludseguridad-approuter.stageAppTask#
######org.cloudfoundry.multiapps.controller.persistence.services.ProcessLogger########flowable-async-job-executor-thread-523###
[PollStageAppStatusExecution] [saludseguridad-approuter] 1652bec7-b822-4d86-b5f7-b2041a8c0212 [2023-07-27T23:19:48.665306] Downloading binary_buildpack... (STDOUT, STG)#

#2.0#2023 07 27 23:33:53.045#Z#DEBUG#com.sap.cloud.lm.sl.xs2.e31e8b4e-2cd5-11ee-a7b3-eeee0a83b122.saludseguridad-approuter.stageAppTask#
######org.cloudfoundry.multiapps.controller.persistence.services.ProcessLogger########flowable-async-job-executor-thread-523###
[PollStageAppStatusExecution] [saludseguridad-approuter] 1652bec7-b822-4d86-b5f7-b2041a8c0212 [2023-07-27T23:19:48.665326] Downloading dotnet_core_buildpack... (STDOUT, STG)#

#2.0#2023 07 27 23:33:53.045#Z#DEBUG#com.sap.cloud.lm.sl.xs2.e31e8b4e-2cd5-11ee-a7b3-eeee0a83b122.saludseguridad-approuter.stageAppTask#
######org.cloudfoundry.multiapps.controller.persistence.services.ProcessLogger########flowable-async-job-executor-thread-523###
[PollStageAppStatusExecution] [saludseguridad-approuter] 1652bec7-b822-4d86-b5f7-b2041a8c0212 [2023-07-27T23:19:49.001986] Downloaded binary_buildpack (6.1M) (STDOUT, STG)#

#2.0#2023 07 27 23:33:53.045#Z#DEBUG#com.sap.cloud.lm.sl.xs2.e31e8b4e-2cd5-11ee-a7b3-eeee0a83b122.saludseguridad-approuter.stageAppTask#
######org.cloudfoundry.multiapps.controller.persistence.services.ProcessLogger########flowable-async-job-executor-thread-523###
[PollStageAppStatusExecution] [saludseguridad-approuter] 1652bec7-b822-4d86-b5f7-b2041a8c0212 [2023-07-27T23:19:49.012046] Downloading go_buildpack... (STDOUT, STG)#

#2.0#2023 07 27 23:33:53.045#Z#DEBUG#com.sap.cloud.lm.sl.xs2.e31e8b4e-2cd5-11ee-a7b3-eeee0a83b122.saludseguridad-approuter.stageAppTask#
######org.cloudfoundry.multiapps.controller.persistence.services.ProcessLogger########flowable-async-job-executor-thread-523###
[PollStageAppStatusExecution] [saludseguridad-approuter] 1652bec7-b822-4d86-b5f7-b2041a8c0212 [2023-07-27T23:19:49.044682] Downloaded staticfile_buildpack (9.7M) (STDOUT, STG)#

#2.0#2023 07 27 23:33:53.045#Z#DEBUG#com.sap.cloud.lm.sl.xs2.e31e8b4e-2cd5-11ee-a7b3-eeee0a83b122.saludseguridad-approuter.stageAppTask#
######org.cloudfoundry.multiapps.controller.persistence.services.ProcessLogger########flowable-async-job-executor-thread-523###
[PollStageAppStatusExecution] [saludseguridad-approuter] 1652bec7-b822-4d86-b5f7-b2041a8c0212 [2023-07-27T23:19:49.044722] Downloading nodejs_buildpack... (STDOUT, STG)#

#2.0#2023 07 27 23:33:53.045#Z#DEBUG#com.sap.cloud.lm.sl.xs2.e31e8b4e-2cd5-11ee-a7b3-eeee0a83b122.saludseguridad-approuter.stageAppTask#
######org.cloudfoundry.multiapps.controller.persistence.services.ProcessLogger########flowable-async-job-executor-thread-523###
[PollStageAppStatusExecution] [saludseguridad-approuter] 1652bec7-b822-4d86-b5f7-b2041a8c0212 [2023-07-27T23:19:59.021012] Downloaded sap_java_buildpack_1_72 (252.2M) (STDOUT, STG)#

#2.0#2023 07 27 23:33:53.045#Z#DEBUG#com.sap.cloud.lm.sl.xs2.e31e8b4e-2cd5-11ee-a7b3-eeee0a83b122.saludseguridad-approuter.stageAppTask#
######org.cloudfoundry.multiapps.controller.persistence.services.ProcessLogger########flowable-async-job-executor-thread-523###
[PollStageAppStatusExecution] [saludseguridad-approuter] 1652bec7-b822-4d86-b5f7-b2041a8c0212 [2023-07-27T23:19:59.021040] Downloading sap_java_buildpack_1_74... (STDOUT, STG)#

#2.0#2023 07 27 23:33:53.045#Z#DEBUG#com.sap.cloud.lm.sl.xs2.e31e8b4e-2cd5-11ee-a7b3-eeee0a83b122.saludseguridad-approuter.stageAppTask#
######org.cloudfoundry.multiapps.controller.persistence.services.ProcessLogger########flowable-async-job-executor-thread-523###
[PollStageAppStatusExecution] [saludseguridad-approuter] 1652bec7-b822-4d86-b5f7-b2041a8c0212 [2023-07-27T23:19:59.291533] Downloaded nodejs_buildpack (221.1M) (STDOUT, STG)#

#2.0#2023 07 27 23:33:53.045#Z#DEBUG#com.sap.cloud.lm.sl.xs2.e31e8b4e-2cd5-11ee-a7b3-eeee0a83b122.saludseguridad-approuter.stageAppTask#
######org.cloudfoundry.multiapps.controller.persistence.services.ProcessLogger########flowable-async-job-executor-thread-523###
[PollStageAppStatusExecution] [saludseguridad-approuter] 1652bec7-b822-4d86-b5f7-b2041a8c0212 [2023-07-27T23:19:59.291559] Downloading sap_java_buildpack... (STDOUT, STG)#

#2.0#2023 07 27 23:33:53.045#Z#DEBUG#com.sap.cloud.lm.sl.xs2.e31e8b4e-2cd5-11ee-a7b3-eeee0a83b122.saludseguridad-approuter.stageAppTask#
######org.cloudfoundry.multiapps.controller.persistence.services.ProcessLogger########flowable-async-job-executor-thread-523###
[PollStageAppStatusExecution] [saludseguridad-approuter] 1652bec7-b822-4d86-b5f7-b2041a8c0212 [2023-07-27T23:20:01.771678] Downloaded go_buildpack (270.4M) (STDOUT, STG)#

#2.0#2023 07 27 23:33:53.045#Z#DEBUG#com.sap.cloud.lm.sl.xs2.e31e8b4e-2cd5-11ee-a7b3-eeee0a83b122.saludseguridad-approuter.stageAppTask#
######org.cloudfoundry.multiapps.controller.persistence.services.ProcessLogger########flowable-async-job-executor-thread-523###
[PollStageAppStatusExecution] [saludseguridad-approuter] 1652bec7-b822-4d86-b5f7-b2041a8c0212 [2023-07-27T23:20:01.771732] Downloading java_buildpack... (STDOUT, STG)#

#2.0#2023 07 27 23:33:53.045#Z#DEBUG#com.sap.cloud.lm.sl.xs2.e31e8b4e-2cd5-11ee-a7b3-eeee0a83b122.saludseguridad-approuter.stageAppTask#
######org.cloudfoundry.multiapps.controller.persistence.services.ProcessLogger########flowable-async-job-executor-thread-523###
[PollStageAppStatusExecution] [saludseguridad-approuter] 1652bec7-b822-4d86-b5f7-b2041a8c0212 [2023-07-27T23:20:02.229895] Downloaded dotnet_core_buildpack (300.6M) (STDOUT, STG)#

#2.0#2023 07 27 23:33:53.045#Z#DEBUG#com.sap.cloud.lm.sl.xs2.e31e8b4e-2cd5-11ee-a7b3-eeee0a83b122.saludseguridad-approuter.stageAppTask#
######org.cloudfoundry.multiapps.controller.persistence.services.ProcessLogger########flowable-async-job-executor-thread-523###
[PollStageAppStatusExecution] [saludseguridad-approuter] 1652bec7-b822-4d86-b5f7-b2041a8c0212 [2023-07-27T23:20:02.229923] Downloading nginx_buildpack... (STDOUT, STG)#

#2.0#2023 07 27 23:33:53.045#Z#DEBUG#com.sap.cloud.lm.sl.xs2.e31e8b4e-2cd5-11ee-a7b3-eeee0a83b122.saludseguridad-approuter.stageAppTask#
######org.cloudfoundry.multiapps.controller.persistence.services.ProcessLogger########flowable-async-job-executor-thread-523###
[PollStageAppStatusExecution] [saludseguridad-approuter] 1652bec7-b822-4d86-b5f7-b2041a8c0212 [2023-07-27T23:20:04.644139] Downloaded nginx_buildpack (33.8M) (STDOUT, STG)#

#2.0#2023 07 27 23:33:53.045#Z#DEBUG#com.sap.cloud.lm.sl.xs2.e31e8b4e-2cd5-11ee-a7b3-eeee0a83b122.saludseguridad-approuter.stageAppTask#
######org.cloudfoundry.multiapps.controller.persistence.services.ProcessLogger########flowable-async-job-executor-thread-523###
[PollStageAppStatusExecution] [saludseguridad-approuter] 1652bec7-b822-4d86-b5f7-b2041a8c0212 [2023-07-27T23:20:04.644181] Downloading python_buildpack... (STDOUT, STG)#

#2.0#2023 07 27 23:33:53.045#Z#DEBUG#com.sap.cloud.lm.sl.xs2.e31e8b4e-2cd5-11ee-a7b3-eeee0a83b122.saludseguridad-approuter.stageAppTask#
######org.cloudfoundry.multiapps.controller.persistence.services.ProcessLogger########flowable-async-job-executor-thread-523###
[PollStageAppStatusExecution] [saludseguridad-approuter] 1652bec7-b822-4d86-b5f7-b2041a8c0212 [2023-07-27T23:20:08.689006] Downloaded sap_java_buildpack (252.6M) (STDOUT, STG)#

#2.0#2023 07 27 23:33:53.045#Z#DEBUG#com.sap.cloud.lm.sl.xs2.e31e8b4e-2cd5-11ee-a7b3-eeee0a83b122.saludseguridad-approuter.stageAppTask#
######org.cloudfoundry.multiapps.controller.persistence.services.ProcessLogger########flowable-async-job-executor-thread-523###
[PollStageAppStatusExecution] [saludseguridad-approuter] 1652bec7-b822-4d86-b5f7-b2041a8c0212 [2023-07-27T23:20:08.689038] Downloading sap_java_buildpack_1_73... (STDOUT, STG)#

#2.0#2023 07 27 23:33:53.046#Z#DEBUG#com.sap.cloud.lm.sl.xs2.e31e8b4e-2cd5-11ee-a7b3-eeee0a83b122.saludseguridad-approuter.stageAppTask#
######org.cloudfoundry.multiapps.controller.persistence.services.ProcessLogger########flowable-async-job-executor-thread-523###
[PollStageAppStatusExecution] [saludseguridad-approuter] 1652bec7-b822-4d86-b5f7-b2041a8c0212 [2023-07-27T23:20:09.105087] Downloaded sap_java_buildpack_1_74 (252.6M) (STDOUT, STG)#

#2.0#2023 07 27 23:33:53.046#Z#DEBUG#com.sap.cloud.lm.sl.xs2.e31e8b4e-2cd5-11ee-a7b3-eeee0a83b122.saludseguridad-approuter.stageAppTask#
######org.cloudfoundry.multiapps.controller.persistence.services.ProcessLogger########flowable-async-job-executor-thread-523###
[PollStageAppStatusExecution] [saludseguridad-approuter] 1652bec7-b822-4d86-b5f7-b2041a8c0212 [2023-07-27T23:20:09.105128] Downloading r_buildpack... (STDOUT, STG)#

#2.0#2023 07 27 23:33:53.046#Z#DEBUG#com.sap.cloud.lm.sl.xs2.e31e8b4e-2cd5-11ee-a7b3-eeee0a83b122.saludseguridad-approuter.stageAppTask#
######org.cloudfoundry.multiapps.controller.persistence.services.ProcessLogger########flowable-async-job-executor-thread-523###
[PollStageAppStatusExecution] [saludseguridad-approuter] 1652bec7-b822-4d86-b5f7-b2041a8c0212 [2023-07-27T23:20:10.587784] Downloaded php_buildpack (500.6M) (STDOUT, STG)#

#2.0#2023 07 27 23:33:53.046#Z#DEBUG#com.sap.cloud.lm.sl.xs2.e31e8b4e-2cd5-11ee-a7b3-eeee0a83b122.saludseguridad-approuter.stageAppTask#
######org.cloudfoundry.multiapps.controller.persistence.services.ProcessLogger########flowable-async-job-executor-thread-523###
[PollStageAppStatusExecution] [saludseguridad-approuter] 1652bec7-b822-4d86-b5f7-b2041a8c0212 [2023-07-27T23:20:10.587835] Downloading ruby_buildpack... (STDOUT, STG)#

#2.0#2023 07 27 23:33:53.046#Z#DEBUG#com.sap.cloud.lm.sl.xs2.e31e8b4e-2cd5-11ee-a7b3-eeee0a83b122.saludseguridad-approuter.stageAppTask#
######org.cloudfoundry.multiapps.controller.persistence.services.ProcessLogger########flowable-async-job-executor-thread-523###
[PollStageAppStatusExecution] [saludseguridad-approuter] 1652bec7-b822-4d86-b5f7-b2041a8c0212 [2023-07-27T23:20:15.829818] Downloaded python_buildpack (424.6M) (STDOUT, STG)#

#2.0#2023 07 27 23:33:53.046#Z#DEBUG#com.sap.cloud.lm.sl.xs2.e31e8b4e-2cd5-11ee-a7b3-eeee0a83b122.saludseguridad-approuter.stageAppTask#
######org.cloudfoundry.multiapps.controller.persistence.services.ProcessLogger########flowable-async-job-executor-thread-523###
[PollStageAppStatusExecution] [saludseguridad-approuter] 1652bec7-b822-4d86-b5f7-b2041a8c0212 [2023-07-27T23:20:19.018454] Downloaded sap_java_buildpack_1_73 (252.6M) (STDOUT, STG)#

#2.0#2023 07 27 23:33:53.046#Z#DEBUG#com.sap.cloud.lm.sl.xs2.e31e8b4e-2cd5-11ee-a7b3-eeee0a83b122.saludseguridad-approuter.stageAppTask#
######org.cloudfoundry.multiapps.controller.persistence.services.ProcessLogger########flowable-async-job-executor-thread-523###
[PollStageAppStatusExecution] [saludseguridad-approuter] 1652bec7-b822-4d86-b5f7-b2041a8c0212 [2023-07-27T23:20:30.025479] Downloaded ruby_buildpack (439.4M) (STDOUT, STG)#

#2.0#2023 07 27 23:33:53.046#Z#DEBUG#com.sap.cloud.lm.sl.xs2.e31e8b4e-2cd5-11ee-a7b3-eeee0a83b122.saludseguridad-approuter.stageAppTask#
######org.cloudfoundry.multiapps.controller.persistence.services.ProcessLogger########flowable-async-job-executor-thread-523###
[PollStageAppStatusExecution] [saludseguridad-approuter] 1652bec7-b822-4d86-b5f7-b2041a8c0212 [2023-07-27T23:20:32.781992] Downloaded r_buildpack (573.6M) (STDOUT, STG)#

#2.0#2023 07 27 23:33:53.046#Z#DEBUG#com.sap.cloud.lm.sl.xs2.e31e8b4e-2cd5-11ee-a7b3-eeee0a83b122.saludseguridad-approuter.stageAppTask#
######org.cloudfoundry.multiapps.controller.persistence.services.ProcessLogger########flowable-async-job-executor-thread-523###
[PollStageAppStatusExecution] [saludseguridad-approuter] 1652bec7-b822-4d86-b5f7-b2041a8c0212 [2023-07-27T23:20:34.006823] Downloaded java_buildpack (758.9M) (STDOUT, STG)#

#2.0#2023 07 27 23:33:53.046#Z#DEBUG#com.sap.cloud.lm.sl.xs2.e31e8b4e-2cd5-11ee-a7b3-eeee0a83b122.saludseguridad-approuter.stageAppTask#
######org.cloudfoundry.multiapps.controller.persistence.services.ProcessLogger########flowable-async-job-executor-thread-523###
[PollStageAppStatusExecution] [saludseguridad-approuter] 1652bec7-b822-4d86-b5f7-b2041a8c0212 [2023-07-27T23:20:34.006880] Cell 77283d80-dfa7-40ba-ba4e-265aef112085 creating container for instance e819d555-5301-47e0-8986-28b1fe3e12f2 (STDOUT, STG)#

#2.0#2023 07 27 23:33:53.046#Z#DEBUG#com.sap.cloud.lm.sl.xs2.e31e8b4e-2cd5-11ee-a7b3-eeee0a83b122.saludseguridad-approuter.stageAppTask#
######org.cloudfoundry.multiapps.controller.persistence.services.ProcessLogger########flowable-async-job-executor-thread-523###
[PollStageAppStatusExecution] [saludseguridad-approuter] 1652bec7-b822-4d86-b5f7-b2041a8c0212 [2023-07-27T23:20:34.742684] Security group rules were updated (STDOUT, STG)#

#2.0#2023 07 27 23:33:53.046#Z#DEBUG#com.sap.cloud.lm.sl.xs2.e31e8b4e-2cd5-11ee-a7b3-eeee0a83b122.saludseguridad-approuter.stageAppTask#
######org.cloudfoundry.multiapps.controller.persistence.services.ProcessLogger########flowable-async-job-executor-thread-523###
[PollStageAppStatusExecution] [saludseguridad-approuter] 1652bec7-b822-4d86-b5f7-b2041a8c0212 [2023-07-27T23:20:34.801303] Cell 77283d80-dfa7-40ba-ba4e-265aef112085 successfully created container for instance e819d555-5301-47e0-8986-28b1fe3e12f2 (STDOUT, STG)#

#2.0#2023 07 27 23:33:53.046#Z#DEBUG#com.sap.cloud.lm.sl.xs2.e31e8b4e-2cd5-11ee-a7b3-eeee0a83b122.saludseguridad-approuter.stageAppTask#
######org.cloudfoundry.multiapps.controller.persistence.services.ProcessLogger########flowable-async-job-executor-thread-523###
[PollStageAppStatusExecution] [saludseguridad-approuter] 1652bec7-b822-4d86-b5f7-b2041a8c0212 [2023-07-27T23:20:35.010621] Downloading build artifacts cache... (STDOUT, STG)#

#2.0#2023 07 27 23:33:53.046#Z#DEBUG#com.sap.cloud.lm.sl.xs2.e31e8b4e-2cd5-11ee-a7b3-eeee0a83b122.saludseguridad-approuter.stageAppTask#
######org.cloudfoundry.multiapps.controller.persistence.services.ProcessLogger########flowable-async-job-executor-thread-523###
[PollStageAppStatusExecution] [saludseguridad-approuter] 1652bec7-b822-4d86-b5f7-b2041a8c0212 [2023-07-27T23:20:35.010630] Downloading app package... (STDOUT, STG)#

#2.0#2023 07 27 23:33:53.046#Z#DEBUG#com.sap.cloud.lm.sl.xs2.e31e8b4e-2cd5-11ee-a7b3-eeee0a83b122.saludseguridad-approuter.stageAppTask#
######org.cloudfoundry.multiapps.controller.persistence.services.ProcessLogger########flowable-async-job-executor-thread-523###
[PollStageAppStatusExecution] [saludseguridad-approuter] 1652bec7-b822-4d86-b5f7-b2041a8c0212 [2023-07-27T23:20:35.099944] Downloaded build artifacts cache (226B) (STDOUT, STG)#

#2.0#2023 07 27 23:33:53.046#Z#DEBUG#com.sap.cloud.lm.sl.xs2.e31e8b4e-2cd5-11ee-a7b3-eeee0a83b122.saludseguridad-approuter.stageAppTask#
######org.cloudfoundry.multiapps.controller.persistence.services.ProcessLogger########flowable-async-job-executor-thread-523###
[PollStageAppStatusExecution] [saludseguridad-approuter] 1652bec7-b822-4d86-b5f7-b2041a8c0212 [2023-07-27T23:20:36.372060] Downloaded app package (10.1M) (STDOUT, STG)#

#2.0#2023 07 27 23:33:53.046#Z#DEBUG#com.sap.cloud.lm.sl.xs2.e31e8b4e-2cd5-11ee-a7b3-eeee0a83b122.saludseguridad-approuter.stageAppTask#
######org.cloudfoundry.multiapps.controller.persistence.services.ProcessLogger########flowable-async-job-executor-thread-523###
[PollStageAppStatusExecution] [saludseguridad-approuter] 1652bec7-b822-4d86-b5f7-b2041a8c0212 [2023-07-27T23:20:37.087874] -----> Nodejs Buildpack version 1.8.10 (STDOUT, STG)#

#2.0#2023 07 27 23:33:53.046#Z#DEBUG#com.sap.cloud.lm.sl.xs2.e31e8b4e-2cd5-11ee-a7b3-eeee0a83b122.saludseguridad-approuter.stageAppTask#
######org.cloudfoundry.multiapps.controller.persistence.services.ProcessLogger########flowable-async-job-executor-thread-523###
[PollStageAppStatusExecution] [saludseguridad-approuter] 1652bec7-b822-4d86-b5f7-b2041a8c0212 [2023-07-27T23:20:37.087894] [31;1m**WARNING**[0m buildpack version changed from 1.8.9 to 1.8.10 (STDOUT, STG)#

#2.0#2023 07 27 23:33:53.046#Z#DEBUG#com.sap.cloud.lm.sl.xs2.e31e8b4e-2cd5-11ee-a7b3-eeee0a83b122.saludseguridad-approuter.stageAppTask#
######org.cloudfoundry.multiapps.controller.persistence.services.ProcessLogger########flowable-async-job-executor-thread-523###
[PollStageAppStatusExecution] [saludseguridad-approuter] 1652bec7-b822-4d86-b5f7-b2041a8c0212 [2023-07-27T23:20:37.393491] -----> Bootstrapping python (STDOUT, STG)#

#2.0#2023 07 27 23:33:53.046#Z#DEBUG#com.sap.cloud.lm.sl.xs2.e31e8b4e-2cd5-11ee-a7b3-eeee0a83b122.saludseguridad-approuter.stageAppTask#
######org.cloudfoundry.multiapps.controller.persistence.services.ProcessLogger########flowable-async-job-executor-thread-523###
[PollStageAppStatusExecution] [saludseguridad-approuter] 1652bec7-b822-4d86-b5f7-b2041a8c0212 [2023-07-27T23:20:37.393503] -----> Installing python 3.10.10 (STDOUT, STG)#

#2.0#2023 07 27 23:33:53.046#Z#DEBUG#com.sap.cloud.lm.sl.xs2.e31e8b4e-2cd5-11ee-a7b3-eeee0a83b122.saludseguridad-approuter.stageAppTask#
######org.cloudfoundry.multiapps.controller.persistence.services.ProcessLogger########flowable-async-job-executor-thread-523###
[PollStageAppStatusExecution] [saludseguridad-approuter] 1652bec7-b822-4d86-b5f7-b2041a8c0212 [2023-07-27T23:20:37.393597] Copy [/tmp/buildpacks/01f54bea469c5c6295126343bf881552/dependencies/15767492c6f5ea8df33d4884e0261788/python_3.10.10_linux_x64_cflinuxfs4_430b17fd.tgz] (STDOUT, STG)#

#2.0#2023 07 27 23:33:53.046#Z#DEBUG#com.sap.cloud.lm.sl.xs2.e31e8b4e-2cd5-11ee-a7b3-eeee0a83b122.saludseguridad-approuter.stageAppTask#
######org.cloudfoundry.multiapps.controller.persistence.services.ProcessLogger########flowable-async-job-executor-thread-523###
[PollStageAppStatusExecution] [saludseguridad-approuter] 1652bec7-b822-4d86-b5f7-b2041a8c0212 [2023-07-27T23:20:40.110609] -----> Installing binaries (STDOUT, STG)#

#2.0#2023 07 27 23:33:53.046#Z#DEBUG#com.sap.cloud.lm.sl.xs2.e31e8b4e-2cd5-11ee-a7b3-eeee0a83b122.saludseguridad-approuter.stageAppTask#
######org.cloudfoundry.multiapps.controller.persistence.services.ProcessLogger########flowable-async-job-executor-thread-523###
[PollStageAppStatusExecution] [saludseguridad-approuter] 1652bec7-b822-4d86-b5f7-b2041a8c0212 [2023-07-27T23:20:40.110671] engines.node (package.json): ^14.21.2 (STDOUT, STG)#

#2.0#2023 07 27 23:33:53.046#Z#DEBUG#com.sap.cloud.lm.sl.xs2.e31e8b4e-2cd5-11ee-a7b3-eeee0a83b122.saludseguridad-approuter.stageAppTask#
######org.cloudfoundry.multiapps.controller.persistence.services.ProcessLogger########flowable-async-job-executor-thread-523###
[PollStageAppStatusExecution] [saludseguridad-approuter] 1652bec7-b822-4d86-b5f7-b2041a8c0212 [2023-07-27T23:20:40.110684] engines.npm (package.json): unspecified (use default) (STDOUT, STG)#

#2.0#2023 07 27 23:33:53.046#Z#DEBUG#com.sap.cloud.lm.sl.xs2.e31e8b4e-2cd5-11ee-a7b3-eeee0a83b122.saludseguridad-approuter.stageAppTask#
######org.cloudfoundry.multiapps.controller.persistence.services.ProcessLogger########flowable-async-job-executor-thread-523###
[PollStageAppStatusExecution] [saludseguridad-approuter] 1652bec7-b822-4d86-b5f7-b2041a8c0212 [2023-07-27T23:20:40.110750] [31;1m**ERROR**[0m Unable to install node: no match found for ^14.21.2 in [16.19.1 16.20.0 18.15.0 18.16.0] (STDOUT, STG)#

#2.0#2023 07 27 23:33:53.046#Z#DEBUG#com.sap.cloud.lm.sl.xs2.e31e8b4e-2cd5-11ee-a7b3-eeee0a83b122.saludseguridad-approuter.stageAppTask#
######org.cloudfoundry.multiapps.controller.persistence.services.ProcessLogger########flowable-async-job-executor-thread-523###
[PollStageAppStatusExecution] [saludseguridad-approuter] 1652bec7-b822-4d86-b5f7-b2041a8c0212 [2023-07-27T23:20:40.113201] Failed to compile droplet: Failed to run all supply scripts: exit status 14 (STDERR, STG)#

#2.0#2023 07 27 23:33:53.046#Z#DEBUG#com.sap.cloud.lm.sl.xs2.e31e8b4e-2cd5-11ee-a7b3-eeee0a83b122.saludseguridad-approuter.stageAppTask#
######org.cloudfoundry.multiapps.controller.persistence.services.ProcessLogger########flowable-async-job-executor-thread-523###
[PollStageAppStatusExecution] [saludseguridad-approuter] 1652bec7-b822-4d86-b5f7-b2041a8c0212 [2023-07-27T23:20:40.121163] Exit status 223 (STDOUT, STG)#

#2.0#2023 07 27 23:33:53.046#Z#DEBUG#com.sap.cloud.lm.sl.xs2.e31e8b4e-2cd5-11ee-a7b3-eeee0a83b122.saludseguridad-approuter.stageAppTask#
######org.cloudfoundry.multiapps.controller.persistence.services.ProcessLogger########flowable-async-job-executor-thread-523###
[PollStageAppStatusExecution] [saludseguridad-approuter] 1652bec7-b822-4d86-b5f7-b2041a8c0212 [2023-07-27T23:20:40.484043] Cell 77283d80-dfa7-40ba-ba4e-265aef112085 stopping instance e819d555-5301-47e0-8986-28b1fe3e12f2 (STDOUT, STG)#

#2.0#2023 07 27 23:33:53.046#Z#DEBUG#com.sap.cloud.lm.sl.xs2.e31e8b4e-2cd5-11ee-a7b3-eeee0a83b122.saludseguridad-approuter.stageAppTask#
######org.cloudfoundry.multiapps.controller.persistence.services.ProcessLogger########flowable-async-job-executor-thread-523###
[PollStageAppStatusExecution] [saludseguridad-approuter] 1652bec7-b822-4d86-b5f7-b2041a8c0212 [2023-07-27T23:20:40.484072] Cell 77283d80-dfa7-40ba-ba4e-265aef112085 destroying container for instance e819d555-5301-47e0-8986-28b1fe3e12f2 (STDOUT, STG)#

#2.0#2023 07 27 23:33:53.046#Z#DEBUG#com.sap.cloud.lm.sl.xs2.e31e8b4e-2cd5-11ee-a7b3-eeee0a83b122.saludseguridad-approuter.stageAppTask#
######org.cloudfoundry.multiapps.controller.persistence.services.ProcessLogger########flowable-async-job-executor-thread-523###
[PollStageAppStatusExecution] [saludseguridad-approuter] 1652bec7-b822-4d86-b5f7-b2041a8c0212 [2023-07-27T23:20:40.513779] Failed to stage build: staging failed (STDERR, API)#

#2.0#2023 07 27 23:33:53.046#Z#DEBUG#com.sap.cloud.lm.sl.xs2.e31e8b4e-2cd5-11ee-a7b3-eeee0a83b122.saludseguridad-approuter.stageAppTask#
######org.cloudfoundry.multiapps.controller.persistence.services.ProcessLogger########flowable-async-job-executor-thread-523###
[PollStageAppStatusExecution] [saludseguridad-approuter] 1652bec7-b822-4d86-b5f7-b2041a8c0212 [2023-07-27T23:20:42.429199] Creating build for app with guid 1652bec7-b822-4d86-b5f7-b2041a8c0212 (STDOUT, API)#

#2.0#2023 07 27 23:33:53.046#Z#DEBUG#com.sap.cloud.lm.sl.xs2.e31e8b4e-2cd5-11ee-a7b3-eeee0a83b122.saludseguridad-approuter.stageAppTask#
######org.cloudfoundry.multiapps.controller.persistence.services.ProcessLogger########flowable-async-job-executor-thread-523###
[PollStageAppStatusExecution] [saludseguridad-approuter] 1652bec7-b822-4d86-b5f7-b2041a8c0212 [2023-07-27T23:21:19.645584] Cell 77283d80-dfa7-40ba-ba4e-265aef112085 successfully destroyed container for instance e819d555-5301-47e0-8986-28b1fe3e12f2 (STDOUT, STG)#

#2.0#2023 07 27 23:33:53.046#Z#DEBUG#com.sap.cloud.lm.sl.xs2.e31e8b4e-2cd5-11ee-a7b3-eeee0a83b122.saludseguridad-approuter.stageAppTask#
######org.cloudfoundry.multiapps.controller.persistence.services.ProcessLogger########flowable-async-job-executor-thread-523###
[PollStageAppStatusExecution] [saludseguridad-approuter] 1652bec7-b822-4d86-b5f7-b2041a8c0212 [2023-07-27T23:22:33.338277] Failed to stage build: insufficient resources: memory (STDERR, API)#

#2.0#2023 07 27 23:33:53.046#Z#DEBUG#com.sap.cloud.lm.sl.xs2.e31e8b4e-2cd5-11ee-a7b3-eeee0a83b122.saludseguridad-approuter.stageAppTask#
######org.cloudfoundry.multiapps.controller.persistence.services.ProcessLogger########flowable-async-job-executor-thread-523###
[PollStageAppStatusExecution] [saludseguridad-approuter] 1652bec7-b822-4d86-b5f7-b2041a8c0212 [2023-07-27T23:22:43.776068] Creating build for app with guid 1652bec7-b822-4d86-b5f7-b2041a8c0212 (STDOUT, API)#

#2.0#2023 07 27 23:33:53.046#Z#DEBUG#com.sap.cloud.lm.sl.xs2.e31e8b4e-2cd5-11ee-a7b3-eeee0a83b122.saludseguridad-approuter.stageAppTask#
######org.cloudfoundry.multiapps.controller.persistence.services.ProcessLogger########flowable-async-job-executor-thread-523###
[PollStageAppStatusExecution] [saludseguridad-approuter] 1652bec7-b822-4d86-b5f7-b2041a8c0212 [2023-07-27T23:24:36.313536] Failed to stage build: insufficient resources: memory (STDERR, API)#

#2.0#2023 07 27 23:33:53.046#Z#DEBUG#com.sap.cloud.lm.sl.xs2.e31e8b4e-2cd5-11ee-a7b3-eeee0a83b122.saludseguridad-approuter.stageAppTask#
######org.cloudfoundry.multiapps.controller.persistence.services.ProcessLogger########flowable-async-job-executor-thread-523###
[PollStageAppStatusExecution] [saludseguridad-approuter] 1652bec7-b822-4d86-b5f7-b2041a8c0212 [2023-07-27T23:33:26.959542] Uploading app package for app with guid 1652bec7-b822-4d86-b5f7-b2041a8c0212 (STDOUT, API)#

#2.0#2023 07 27 23:33:53.046#Z#DEBUG#com.sap.cloud.lm.sl.xs2.e31e8b4e-2cd5-11ee-a7b3-eeee0a83b122.saludseguridad-approuter.stageAppTask#
######org.cloudfoundry.multiapps.controller.persistence.services.ProcessLogger########flowable-async-job-executor-thread-523###
[PollStageAppStatusExecution] [saludseguridad-approuter] 1652bec7-b822-4d86-b5f7-b2041a8c0212 [2023-07-27T23:33:27.122344] Updated app with guid 1652bec7-b822-4d86-b5f7-b2041a8c0212 ({"environment_variables"=>"[PRIVATE DATA HIDDEN]"}) (STDOUT, API)#

#2.0#2023 07 27 23:33:53.046#Z#DEBUG#com.sap.cloud.lm.sl.xs2.e31e8b4e-2cd5-11ee-a7b3-eeee0a83b122.saludseguridad-approuter.stageAppTask#
######org.cloudfoundry.multiapps.controller.persistence.services.ProcessLogger########flowable-async-job-executor-thread-523###
[PollStageAppStatusExecution] [saludseguridad-approuter] 1652bec7-b822-4d86-b5f7-b2041a8c0212 [2023-07-27T23:33:43.026113] Scaling process: "web" (STDOUT, API)#

#2.0#2023 07 27 23:33:53.046#Z#DEBUG#com.sap.cloud.lm.sl.xs2.e31e8b4e-2cd5-11ee-a7b3-eeee0a83b122.saludseguridad-approuter.stageAppTask#
######org.cloudfoundry.multiapps.controller.persistence.services.ProcessLogger########flowable-async-job-executor-thread-523###
[PollStageAppStatusExecution] [saludseguridad-approuter] 1652bec7-b822-4d86-b5f7-b2041a8c0212 [2023-07-27T23:33:43.282620] Creating build for app with guid 1652bec7-b822-4d86-b5f7-b2041a8c0212 (STDOUT, API)#

#2.0#2023 07 27 23:35:43.379#Z#DEBUG#com.sap.cloud.lm.sl.xs2.e31e8b4e-2cd5-11ee-a7b3-eeee0a83b122.saludseguridad-approuter.stageAppTask#
######org.cloudfoundry.multiapps.controller.persistence.services.ProcessLogger########flowable-async-job-executor-thread-567###
[PollStageAppStatusExecution] [saludseguridad-approuter] 1652bec7-b822-4d86-b5f7-b2041a8c0212 [2023-07-27T23:35:35.172151] Failed to stage build: insufficient resources: memory (STDERR, API)#

#2.0#2023 07 27 23:35:53.535#Z#DEBUG#com.sap.cloud.lm.sl.xs2.e31e8b4e-2cd5-11ee-a7b3-eeee0a83b122.saludseguridad-approuter.stageAppTask#
######org.cloudfoundry.multiapps.controller.persistence.services.ProcessLogger########flowable-async-job-executor-thread-569###
[PollStageAppStatusExecution] [saludseguridad-approuter] 1652bec7-b822-4d86-b5f7-b2041a8c0212 [2023-07-27T23:35:35.172151] Failed to stage build: insufficient resources: memory (STDERR, API)#

#2.0#2023 07 27 23:35:53.535#Z#DEBUG#com.sap.cloud.lm.sl.xs2.e31e8b4e-2cd5-11ee-a7b3-eeee0a83b122.saludseguridad-approuter.stageAppTask#
######org.cloudfoundry.multiapps.controller.persistence.services.ProcessLogger########flowable-async-job-executor-thread-569###
[PollStageAppStatusExecution] [saludseguridad-approuter] 1652bec7-b822-4d86-b5f7-b2041a8c0212 [2023-07-27T23:35:43.705999] Creating build for app with guid 1652bec7-b822-4d86-b5f7-b2041a8c0212 (STDOUT, API)#

#2.0#2023 07 27 23:37:43.667#Z#DEBUG#com.sap.cloud.lm.sl.xs2.e31e8b4e-2cd5-11ee-a7b3-eeee0a83b122.saludseguridad-approuter.stageAppTask#
######org.cloudfoundry.multiapps.controller.persistence.services.ProcessLogger########flowable-async-job-executor-thread-591###
[PollStageAppStatusExecution] [saludseguridad-approuter] 1652bec7-b822-4d86-b5f7-b2041a8c0212 [2023-07-27T23:37:37.737964] Failed to stage build: insufficient resources: memory (STDERR, API)#

#2.0#2023 07 27 23:37:53.781#Z#DEBUG#com.sap.cloud.lm.sl.xs2.e31e8b4e-2cd5-11ee-a7b3-eeee0a83b122.saludseguridad-approuter.stageAppTask#
######org.cloudfoundry.multiapps.controller.persistence.services.ProcessLogger########flowable-async-job-executor-thread-593###
[PollStageAppStatusExecution] [saludseguridad-approuter] 1652bec7-b822-4d86-b5f7-b2041a8c0212 [2023-07-27T23:37:37.737964] Failed to stage build: insufficient resources: memory (STDERR, API)#

#2.0#2023 07 27 23:37:53.781#Z#DEBUG#com.sap.cloud.lm.sl.xs2.e31e8b4e-2cd5-11ee-a7b3-eeee0a83b122.saludseguridad-approuter.stageAppTask#
######org.cloudfoundry.multiapps.controller.persistence.services.ProcessLogger########flowable-async-job-executor-thread-593###
[PollStageAppStatusExecution] [saludseguridad-approuter] 1652bec7-b822-4d86-b5f7-b2041a8c0212 [2023-07-27T23:37:44.958457] Creating build for app with guid 1652bec7-b822-4d86-b5f7-b2041a8c0212 (STDOUT, API)#

#2.0#2023 07 27 23:39:44.017#Z#DEBUG#com.sap.cloud.lm.sl.xs2.e31e8b4e-2cd5-11ee-a7b3-eeee0a83b122.saludseguridad-approuter.stageAppTask#
######org.cloudfoundry.multiapps.controller.persistence.services.ProcessLogger########flowable-async-job-executor-thread-639###
[PollStageAppStatusExecution] [saludseguridad-approuter] 1652bec7-b822-4d86-b5f7-b2041a8c0212 [2023-07-27T23:39:40.293212] Failed to stage build: insufficient resources: memory (STDERR, API)#

#2.0#2023 07 27 23:39:54.109#Z#DEBUG#com.sap.cloud.lm.sl.xs2.e31e8b4e-2cd5-11ee-a7b3-eeee0a83b122.saludseguridad-approuter.stageAppTask#
######org.cloudfoundry.multiapps.controller.persistence.services.ProcessLogger########flowable-async-job-executor-thread-641###
[PollStageAppStatusExecution] [saludseguridad-approuter] 1652bec7-b822-4d86-b5f7-b2041a8c0212 [2023-07-27T23:39:40.293212] Failed to stage build: insufficient resources: memory (STDERR, API)#

#2.0#2023 07 27 23:39:54.109#Z#DEBUG#com.sap.cloud.lm.sl.xs2.e31e8b4e-2cd5-11ee-a7b3-eeee0a83b122.saludseguridad-approuter.stageAppTask#
######org.cloudfoundry.multiapps.controller.persistence.services.ProcessLogger########flowable-async-job-executor-thread-641###
[PollStageAppStatusExecution] [saludseguridad-approuter] 1652bec7-b822-4d86-b5f7-b2041a8c0212 [2023-07-27T23:39:46.132032] Creating build for app with guid 1652bec7-b822-4d86-b5f7-b2041a8c0212 (STDOUT, API)#

#2.0#2023 07 27 23:41:44.321#Z#DEBUG#com.sap.cloud.lm.sl.xs2.e31e8b4e-2cd5-11ee-a7b3-eeee0a83b122.saludseguridad-approuter.stageAppTask#
######org.cloudfoundry.multiapps.controller.persistence.services.ProcessLogger########flowable-async-job-executor-thread-663###
[PollStageAppStatusExecution] [saludseguridad-approuter] 1652bec7-b822-4d86-b5f7-b2041a8c0212 [2023-07-27T23:41:43.719530] Failed to stage build: insufficient resources: memory (STDERR, API)#

